<?xml version="1.0" encoding="UTF-8"?>
<!-- Generated by org.testng.reporters.JUnitReportReporter -->
<testsuite skipped="0" hostname="apples-MacBook-Pro.local" name="com.tv.tests.SignInTest" tests="1" failures="0" timestamp="09 Dec 2019 09:45:46 GMT" time="26.538" errors="0">
  <testcase name="SignInErrorTest" time="26.538" classname="com.tv.tests.SignInTest"/>
</testsuite> <!-- com.tv.tests.SignInTest -->
